<?xml version="1.0" encoding="UTF-8"?>
<testsuite xmlns:xsi="http://www.w3.org/2001/XMLSchema-instance" xsi:noNamespaceSchemaLocation="https://maven.apache.org/surefire/maven-surefire-plugin/xsd/surefire-test-report.xsd" name="cu.datys.drix.backend.filter.simple.SimpleFilterTest" time="0.157" tests="19" errors="1" skipped="0" failures="0">
  <properties>
    <property name="sun.desktop" value="gnome"/>
    <property name="awt.toolkit" value="sun.awt.X11.XToolkit"/>
    <property name="java.specification.version" value="11"/>
    <property name="sun.cpu.isalist" value=""/>
    <property name="sun.jnu.encoding" value="UTF-8"/>
    <property name="java.class.path" value="/home/br14n/IdeaProjects/simple-filter-develop/simple-filter-essential/target/test-classes:/home/br14n/IdeaProjects/simple-filter-develop/simple-filter-essential/target/classes:/home/br14n/.m2/repository/org/antlr/antlr4-runtime/4.13.0/antlr4-runtime-4.13.0.jar:/home/br14n/.m2/repository/junit/junit/4.13.2/junit-4.13.2.jar:/home/br14n/.m2/repository/org/hamcrest/hamcrest-core/1.3/hamcrest-core-1.3.jar:/home/br14n/.m2/repository/org/projectlombok/lombok/1.18.22/lombok-1.18.22.jar:/home/br14n/.m2/repository/org/elasticsearch/client/elasticsearch-rest-high-level-client/7.17.12/elasticsearch-rest-high-level-client-7.17.12.jar:/home/br14n/.m2/repository/org/elasticsearch/client/elasticsearch-rest-client/7.17.12/elasticsearch-rest-client-7.17.12.jar:/home/br14n/.m2/repository/org/apache/httpcomponents/httpclient/4.5.10/httpclient-4.5.10.jar:/home/br14n/.m2/repository/org/apache/httpcomponents/httpcore/4.4.12/httpcore-4.4.12.jar:/home/br14n/.m2/repository/org/apache/httpcomponents/httpasyncclient/4.1.4/httpasyncclient-4.1.4.jar:/home/br14n/.m2/repository/org/apache/httpcomponents/httpcore-nio/4.4.12/httpcore-nio-4.4.12.jar:/home/br14n/.m2/repository/commons-codec/commons-codec/1.11/commons-codec-1.11.jar:/home/br14n/.m2/repository/commons-logging/commons-logging/1.1.3/commons-logging-1.1.3.jar:/home/br14n/.m2/repository/org/elasticsearch/plugin/mapper-extras-client/7.17.12/mapper-extras-client-7.17.12.jar:/home/br14n/.m2/repository/org/elasticsearch/plugin/parent-join-client/7.17.12/parent-join-client-7.17.12.jar:/home/br14n/.m2/repository/org/elasticsearch/plugin/aggs-matrix-stats-client/7.17.12/aggs-matrix-stats-client-7.17.12.jar:/home/br14n/.m2/repository/org/elasticsearch/plugin/rank-eval-client/7.17.12/rank-eval-client-7.17.12.jar:/home/br14n/.m2/repository/org/elasticsearch/plugin/lang-mustache-client/7.17.12/lang-mustache-client-7.17.12.jar:/home/br14n/.m2/repository/com/github/spullara/mustache/java/compiler/0.9.6/compiler-0.9.6.jar:/home/br14n/.m2/repository/org/elasticsearch/elasticsearch/7.17.12/elasticsearch-7.17.12.jar:/home/br14n/.m2/repository/org/elasticsearch/elasticsearch-core/7.17.12/elasticsearch-core-7.17.12.jar:/home/br14n/.m2/repository/org/elasticsearch/elasticsearch-secure-sm/7.17.12/elasticsearch-secure-sm-7.17.12.jar:/home/br14n/.m2/repository/org/elasticsearch/elasticsearch-x-content/7.17.12/elasticsearch-x-content-7.17.12.jar:/home/br14n/.m2/repository/org/yaml/snakeyaml/1.33/snakeyaml-1.33.jar:/home/br14n/.m2/repository/com/fasterxml/jackson/core/jackson-core/2.14.2/jackson-core-2.14.2.jar:/home/br14n/.m2/repository/com/fasterxml/jackson/dataformat/jackson-dataformat-smile/2.14.2/jackson-dataformat-smile-2.14.2.jar:/home/br14n/.m2/repository/com/fasterxml/jackson/dataformat/jackson-dataformat-yaml/2.14.2/jackson-dataformat-yaml-2.14.2.jar:/home/br14n/.m2/repository/com/fasterxml/jackson/dataformat/jackson-dataformat-cbor/2.14.2/jackson-dataformat-cbor-2.14.2.jar:/home/br14n/.m2/repository/org/elasticsearch/elasticsearch-geo/7.17.12/elasticsearch-geo-7.17.12.jar:/home/br14n/.m2/repository/org/elasticsearch/elasticsearch-lz4/7.17.12/elasticsearch-lz4-7.17.12.jar:/home/br14n/.m2/repository/org/lz4/lz4-java/1.8.0/lz4-java-1.8.0.jar:/home/br14n/.m2/repository/org/apache/lucene/lucene-core/8.11.1/lucene-core-8.11.1.jar:/home/br14n/.m2/repository/org/apache/lucene/lucene-analyzers-common/8.11.1/lucene-analyzers-common-8.11.1.jar:/home/br14n/.m2/repository/org/apache/lucene/lucene-backward-codecs/8.11.1/lucene-backward-codecs-8.11.1.jar:/home/br14n/.m2/repository/org/apache/lucene/lucene-grouping/8.11.1/lucene-grouping-8.11.1.jar:/home/br14n/.m2/repository/org/apache/lucene/lucene-highlighter/8.11.1/lucene-highlighter-8.11.1.jar:/home/br14n/.m2/repository/org/apache/lucene/lucene-join/8.11.1/lucene-join-8.11.1.jar:/home/br14n/.m2/repository/org/apache/lucene/lucene-memory/8.11.1/lucene-memory-8.11.1.jar:/home/br14n/.m2/repository/org/apache/lucene/lucene-misc/8.11.1/lucene-misc-8.11.1.jar:/home/br14n/.m2/repository/org/apache/lucene/lucene-queries/8.11.1/lucene-queries-8.11.1.jar:/home/br14n/.m2/repository/org/apache/lucene/lucene-queryparser/8.11.1/lucene-queryparser-8.11.1.jar:/home/br14n/.m2/repository/org/apache/lucene/lucene-sandbox/8.11.1/lucene-sandbox-8.11.1.jar:/home/br14n/.m2/repository/org/apache/lucene/lucene-spatial3d/8.11.1/lucene-spatial3d-8.11.1.jar:/home/br14n/.m2/repository/org/apache/lucene/lucene-suggest/8.11.1/lucene-suggest-8.11.1.jar:/home/br14n/.m2/repository/org/elasticsearch/elasticsearch-cli/7.17.12/elasticsearch-cli-7.17.12.jar:/home/br14n/.m2/repository/net/sf/jopt-simple/jopt-simple/5.0.2/jopt-simple-5.0.2.jar:/home/br14n/.m2/repository/com/carrotsearch/hppc/0.8.1/hppc-0.8.1.jar:/home/br14n/.m2/repository/joda-time/joda-time/2.10.10/joda-time-2.10.10.jar:/home/br14n/.m2/repository/com/tdunning/t-digest/3.2/t-digest-3.2.jar:/home/br14n/.m2/repository/org/hdrhistogram/HdrHistogram/2.1.9/HdrHistogram-2.1.9.jar:/home/br14n/.m2/repository/org/apache/logging/log4j/log4j-api/2.17.1/log4j-api-2.17.1.jar:/home/br14n/.m2/repository/net/java/dev/jna/jna/5.10.0/jna-5.10.0.jar:/home/br14n/.m2/repository/org/elasticsearch/elasticsearch-plugin-classloader/7.17.12/elasticsearch-plugin-classloader-7.17.12.jar:"/>
    <property name="java.vm.vendor" value="Ubuntu"/>
    <property name="sun.arch.data.model" value="64"/>
    <property name="java.vendor.url" value="https://ubuntu.com/"/>
    <property name="user.timezone" value=""/>
    <property name="java.vm.specification.version" value="11"/>
    <property name="os.name" value="Linux"/>
    <property name="sun.java.launcher" value="SUN_STANDARD"/>
    <property name="user.country" value="CU"/>
    <property name="sun.boot.library.path" value="/usr/lib/jvm/java-11-openjdk-amd64/lib"/>
    <property name="sun.java.command" value="/home/br14n/IdeaProjects/simple-filter-develop/simple-filter-essential/target/surefire/surefirebooter13711340796705670063.jar /home/br14n/IdeaProjects/simple-filter-develop/simple-filter-essential/target/surefire 2023-08-29T13-04-23_515-jvmRun1 surefire15853257492795717461tmp surefire_014182225180543713633tmp"/>
    <property name="jdk.debug" value="release"/>
    <property name="surefire.test.class.path" value="/home/br14n/IdeaProjects/simple-filter-develop/simple-filter-essential/target/test-classes:/home/br14n/IdeaProjects/simple-filter-develop/simple-filter-essential/target/classes:/home/br14n/.m2/repository/org/antlr/antlr4-runtime/4.13.0/antlr4-runtime-4.13.0.jar:/home/br14n/.m2/repository/junit/junit/4.13.2/junit-4.13.2.jar:/home/br14n/.m2/repository/org/hamcrest/hamcrest-core/1.3/hamcrest-core-1.3.jar:/home/br14n/.m2/repository/org/projectlombok/lombok/1.18.22/lombok-1.18.22.jar:/home/br14n/.m2/repository/org/elasticsearch/client/elasticsearch-rest-high-level-client/7.17.12/elasticsearch-rest-high-level-client-7.17.12.jar:/home/br14n/.m2/repository/org/elasticsearch/client/elasticsearch-rest-client/7.17.12/elasticsearch-rest-client-7.17.12.jar:/home/br14n/.m2/repository/org/apache/httpcomponents/httpclient/4.5.10/httpclient-4.5.10.jar:/home/br14n/.m2/repository/org/apache/httpcomponents/httpcore/4.4.12/httpcore-4.4.12.jar:/home/br14n/.m2/repository/org/apache/httpcomponents/httpasyncclient/4.1.4/httpasyncclient-4.1.4.jar:/home/br14n/.m2/repository/org/apache/httpcomponents/httpcore-nio/4.4.12/httpcore-nio-4.4.12.jar:/home/br14n/.m2/repository/commons-codec/commons-codec/1.11/commons-codec-1.11.jar:/home/br14n/.m2/repository/commons-logging/commons-logging/1.1.3/commons-logging-1.1.3.jar:/home/br14n/.m2/repository/org/elasticsearch/plugin/mapper-extras-client/7.17.12/mapper-extras-client-7.17.12.jar:/home/br14n/.m2/repository/org/elasticsearch/plugin/parent-join-client/7.17.12/parent-join-client-7.17.12.jar:/home/br14n/.m2/repository/org/elasticsearch/plugin/aggs-matrix-stats-client/7.17.12/aggs-matrix-stats-client-7.17.12.jar:/home/br14n/.m2/repository/org/elasticsearch/plugin/rank-eval-client/7.17.12/rank-eval-client-7.17.12.jar:/home/br14n/.m2/repository/org/elasticsearch/plugin/lang-mustache-client/7.17.12/lang-mustache-client-7.17.12.jar:/home/br14n/.m2/repository/com/github/spullara/mustache/java/compiler/0.9.6/compiler-0.9.6.jar:/home/br14n/.m2/repository/org/elasticsearch/elasticsearch/7.17.12/elasticsearch-7.17.12.jar:/home/br14n/.m2/repository/org/elasticsearch/elasticsearch-core/7.17.12/elasticsearch-core-7.17.12.jar:/home/br14n/.m2/repository/org/elasticsearch/elasticsearch-secure-sm/7.17.12/elasticsearch-secure-sm-7.17.12.jar:/home/br14n/.m2/repository/org/elasticsearch/elasticsearch-x-content/7.17.12/elasticsearch-x-content-7.17.12.jar:/home/br14n/.m2/repository/org/yaml/snakeyaml/1.33/snakeyaml-1.33.jar:/home/br14n/.m2/repository/com/fasterxml/jackson/core/jackson-core/2.14.2/jackson-core-2.14.2.jar:/home/br14n/.m2/repository/com/fasterxml/jackson/dataformat/jackson-dataformat-smile/2.14.2/jackson-dataformat-smile-2.14.2.jar:/home/br14n/.m2/repository/com/fasterxml/jackson/dataformat/jackson-dataformat-yaml/2.14.2/jackson-dataformat-yaml-2.14.2.jar:/home/br14n/.m2/repository/com/fasterxml/jackson/dataformat/jackson-dataformat-cbor/2.14.2/jackson-dataformat-cbor-2.14.2.jar:/home/br14n/.m2/repository/org/elasticsearch/elasticsearch-geo/7.17.12/elasticsearch-geo-7.17.12.jar:/home/br14n/.m2/repository/org/elasticsearch/elasticsearch-lz4/7.17.12/elasticsearch-lz4-7.17.12.jar:/home/br14n/.m2/repository/org/lz4/lz4-java/1.8.0/lz4-java-1.8.0.jar:/home/br14n/.m2/repository/org/apache/lucene/lucene-core/8.11.1/lucene-core-8.11.1.jar:/home/br14n/.m2/repository/org/apache/lucene/lucene-analyzers-common/8.11.1/lucene-analyzers-common-8.11.1.jar:/home/br14n/.m2/repository/org/apache/lucene/lucene-backward-codecs/8.11.1/lucene-backward-codecs-8.11.1.jar:/home/br14n/.m2/repository/org/apache/lucene/lucene-grouping/8.11.1/lucene-grouping-8.11.1.jar:/home/br14n/.m2/repository/org/apache/lucene/lucene-highlighter/8.11.1/lucene-highlighter-8.11.1.jar:/home/br14n/.m2/repository/org/apache/lucene/lucene-join/8.11.1/lucene-join-8.11.1.jar:/home/br14n/.m2/repository/org/apache/lucene/lucene-memory/8.11.1/lucene-memory-8.11.1.jar:/home/br14n/.m2/repository/org/apache/lucene/lucene-misc/8.11.1/lucene-misc-8.11.1.jar:/home/br14n/.m2/repository/org/apache/lucene/lucene-queries/8.11.1/lucene-queries-8.11.1.jar:/home/br14n/.m2/repository/org/apache/lucene/lucene-queryparser/8.11.1/lucene-queryparser-8.11.1.jar:/home/br14n/.m2/repository/org/apache/lucene/lucene-sandbox/8.11.1/lucene-sandbox-8.11.1.jar:/home/br14n/.m2/repository/org/apache/lucene/lucene-spatial3d/8.11.1/lucene-spatial3d-8.11.1.jar:/home/br14n/.m2/repository/org/apache/lucene/lucene-suggest/8.11.1/lucene-suggest-8.11.1.jar:/home/br14n/.m2/repository/org/elasticsearch/elasticsearch-cli/7.17.12/elasticsearch-cli-7.17.12.jar:/home/br14n/.m2/repository/net/sf/jopt-simple/jopt-simple/5.0.2/jopt-simple-5.0.2.jar:/home/br14n/.m2/repository/com/carrotsearch/hppc/0.8.1/hppc-0.8.1.jar:/home/br14n/.m2/repository/joda-time/joda-time/2.10.10/joda-time-2.10.10.jar:/home/br14n/.m2/repository/com/tdunning/t-digest/3.2/t-digest-3.2.jar:/home/br14n/.m2/repository/org/hdrhistogram/HdrHistogram/2.1.9/HdrHistogram-2.1.9.jar:/home/br14n/.m2/repository/org/apache/logging/log4j/log4j-api/2.17.1/log4j-api-2.17.1.jar:/home/br14n/.m2/repository/net/java/dev/jna/jna/5.10.0/jna-5.10.0.jar:/home/br14n/.m2/repository/org/elasticsearch/elasticsearch-plugin-classloader/7.17.12/elasticsearch-plugin-classloader-7.17.12.jar:"/>
    <property name="sun.cpu.endian" value="little"/>
    <property name="user.home" value="/home/br14n"/>
    <property name="user.language" value="es"/>
    <property name="java.specification.vendor" value="Oracle Corporation"/>
    <property name="java.version.date" value="2023-07-18"/>
    <property name="java.home" value="/usr/lib/jvm/java-11-openjdk-amd64"/>
    <property name="file.separator" value="/"/>
    <property name="basedir" value="/home/br14n/IdeaProjects/simple-filter-develop/simple-filter-essential"/>
    <property name="java.vm.compressedOopsMode" value="32-bit"/>
    <property name="line.separator" value="&#10;"/>
    <property name="java.specification.name" value="Java Platform API Specification"/>
    <property name="java.vm.specification.vendor" value="Oracle Corporation"/>
    <property name="java.awt.graphicsenv" value="sun.awt.X11GraphicsEnvironment"/>
    <property name="surefire.real.class.path" value="/home/br14n/IdeaProjects/simple-filter-develop/simple-filter-essential/target/surefire/surefirebooter13711340796705670063.jar"/>
    <property name="sun.management.compiler" value="HotSpot 64-Bit Tiered Compilers"/>
    <property name="java.runtime.version" value="11.0.20+8-post-Ubuntu-1ubuntu122.04"/>
    <property name="user.name" value="br14n"/>
    <property name="path.separator" value=":"/>
    <property name="os.version" value="6.2.0-26-generic"/>
    <property name="java.runtime.name" value="OpenJDK Runtime Environment"/>
    <property name="file.encoding" value="UTF-8"/>
    <property name="java.vm.name" value="OpenJDK 64-Bit Server VM"/>
    <property name="localRepository" value="/home/br14n/.m2/repository"/>
    <property name="java.vendor.url.bug" value="https://bugs.launchpad.net/ubuntu/+source/openjdk-lts"/>
    <property name="java.io.tmpdir" value="/tmp"/>
    <property name="java.version" value="11.0.20"/>
    <property name="user.dir" value="/home/br14n/IdeaProjects/simple-filter-develop/simple-filter-essential"/>
    <property name="os.arch" value="amd64"/>
    <property name="java.vm.specification.name" value="Java Virtual Machine Specification"/>
    <property name="java.awt.printerjob" value="sun.print.PSPrinterJob"/>
    <property name="sun.os.patch.level" value="unknown"/>
    <property name="java.library.path" value="/usr/java/packages/lib:/usr/lib/x86_64-linux-gnu/jni:/lib/x86_64-linux-gnu:/usr/lib/x86_64-linux-gnu:/usr/lib/jni:/lib:/usr/lib"/>
    <property name="java.vm.info" value="mixed mode, sharing"/>
    <property name="java.vendor" value="Ubuntu"/>
    <property name="java.vm.version" value="11.0.20+8-post-Ubuntu-1ubuntu122.04"/>
    <property name="java.specification.maintenance.version" value="2"/>
    <property name="sun.io.unicode.encoding" value="UnicodeLittle"/>
    <property name="java.class.version" value="55.0"/>
  </properties>
  <testcase name="testListOfTerms" classname="cu.datys.drix.backend.filter.simple.SimpleFilterTest" time="0.057"/>
  <testcase name="testRightParenthesisQuery" classname="cu.datys.drix.backend.filter.simple.SimpleFilterTest" time="0.013"/>
  <testcase name="testParenthesisQuery" classname="cu.datys.drix.backend.filter.simple.SimpleFilterTest" time="0.005"/>
  <testcase name="testAllFieldsQuery" classname="cu.datys.drix.backend.filter.simple.SimpleFilterTest" time="0.001"/>
  <testcase name="testListOfNumbers" classname="cu.datys.drix.backend.filter.simple.SimpleFilterTest" time="0.003"/>
  <testcase name="testListOfStrings" classname="cu.datys.drix.backend.filter.simple.SimpleFilterTest" time="0.003"/>
  <testcase name="testSimpleQueryNumberRange" classname="cu.datys.drix.backend.filter.simple.SimpleFilterTest" time="0.002"/>
  <testcase name="testManyConditionQuery" classname="cu.datys.drix.backend.filter.simple.SimpleFilterTest" time="0.006"/>
  <testcase name="testNestedParenthesisQuery" classname="cu.datys.drix.backend.filter.simple.SimpleFilterTest" time="0.02">
    <error message="Error en la posición 41: mismatched input &apos;192168431&apos; expecting {&apos;(&apos;, &apos;*&apos;, &apos;[&apos;, FIELD_SYMBOL}" type="cu.datys.drix.backend.filter.simple.exception.SimpleFilterException">cu.datys.drix.backend.filter.simple.exception.SimpleFilterException: Error en la posición 41: mismatched input '192168431' expecting {'(', '*', '[', FIELD_SYMBOL}
	at cu.datys.drix.backend.filter.simple.SimpleFilterTest.parseQuery(SimpleFilterTest.java:366)
	at cu.datys.drix.backend.filter.simple.SimpleFilterTest.testNestedParenthesisQuery(SimpleFilterTest.java:341)
</error>
  </testcase>
  <testcase name="testSimpleQueryNumber" classname="cu.datys.drix.backend.filter.simple.SimpleFilterTest" time="0.001"/>
  <testcase name="testSimpleQueryString" classname="cu.datys.drix.backend.filter.simple.SimpleFilterTest" time="0"/>
  <testcase name="testSimpleQueryBoolean" classname="cu.datys.drix.backend.filter.simple.SimpleFilterTest" time="0.001"/>
  <testcase name="testSimpleQueryDate" classname="cu.datys.drix.backend.filter.simple.SimpleFilterTest" time="0.01"/>
  <testcase name="testSimpleQueryTerm" classname="cu.datys.drix.backend.filter.simple.SimpleFilterTest" time="0.001"/>
  <testcase name="testLeftParenthesisQuery" classname="cu.datys.drix.backend.filter.simple.SimpleFilterTest" time="0.002"/>
  <testcase name="testErrorQueryString" classname="cu.datys.drix.backend.filter.simple.SimpleFilterTest" time="0.002"/>
  <testcase name="testSimpleQueryDateRange" classname="cu.datys.drix.backend.filter.simple.SimpleFilterTest" time="0.002"/>
  <testcase name="testSimpleQueryStringWithoutSymbol" classname="cu.datys.drix.backend.filter.simple.SimpleFilterTest" time="0.002"/>
  <testcase name="testOneConditionQuery" classname="cu.datys.drix.backend.filter.simple.SimpleFilterTest" time="0"/>
</testsuite>